SF:/root/.minetest/worlds/world/worldmods/promise/common.lua
DA:7,4
DA:8,0
DA:9,0
DA:10,0
DA:11,0
DA:13,0
DA:14,0
DA:16,0
DA:17,0
DA:19,0
LH:1
LF:10
end_of_record
SF:/root/.minetest/worlds/world/worldmods/promise/configure.lua
DA:3,0
DA:4,0
DA:5,0
DA:7,0
DA:8,0
DA:9,0
DA:10,0
DA:11,0
DA:12,0
DA:13,0
DA:14,0
DA:15,0
DA:19,4
DA:20,0
DA:22,0
DA:23,0
DA:24,0
DA:25,0
DA:26,0
DA:29,0
DA:30,0
DA:32,0
DA:33,0
DA:34,0
DA:35,0
LH:1
LF:25
end_of_record
SF:/root/.minetest/worlds/world/worldmods/promise/configure_tool.lua
DA:1,2
DA:4,2
DA:7,2
DA:9,4
DA:15,0
DA:16,0
DA:18,0
DA:20,0
DA:23,0
DA:28,0
DA:31,0
DA:35,0
DA:36,0
DA:39,0
DA:40,0
DA:43,0
DA:46,0
DA:47,0
DA:51,4
DA:52,0
DA:53,0
DA:56,0
DA:57,0
DA:60,0
DA:61,0
DA:62,0
DA:66,0
DA:67,0
DA:68,0
LH:5
LF:29
end_of_record
SF:/root/.minetest/worlds/world/worldmods/promise/create_tool.lua
DA:1,4
DA:2,0
DA:4,0
DA:5,0
DA:6,0
DA:9,0
DA:10,0
DA:12,0
DA:14,0
DA:16,0
DA:18,0
LH:1
LF:11
end_of_record
SF:/root/.minetest/worlds/world/worldmods/promise/encode.lua
DA:2,2
DA:5,0
DA:6,0
DA:10,0
DA:11,0
DA:12,0
DA:13,0
DA:17,2
DA:19,4
DA:21,0
DA:22,0
DA:23,0
DA:26,0
DA:28,0
DA:29,0
DA:30,0
DA:31,0
DA:32,0
DA:35,0
DA:36,0
DA:37,0
DA:38,0
DA:39,0
DA:42,0
DA:45,0
DA:51,0
DA:53,0
DA:54,0
DA:56,0
DA:60,2
DA:62,4
DA:63,0
DA:64,0
DA:65,0
DA:67,0
DA:68,0
DA:71,0
DA:75,0
DA:79,0
DA:81,0
DA:82,0
DA:83,0
DA:84,0
DA:85,0
DA:88,0
DA:91,0
DA:93,0
DA:94,0
DA:96,0
DA:97,0
DA:100,0
LH:5
LF:51
end_of_record
SF:/root/.minetest/worlds/world/worldmods/promise/entity.lua
DA:3,2
DA:5,4
DA:6,2
DA:9,2
DA:12,2
DA:13,0
DA:14,2
DA:16,0
DA:18,0
DA:23,4
DA:24,0
DA:25,0
DA:26,0
DA:27,0
DA:28,0
DA:31,4
DA:32,0
LH:8
LF:17
end_of_record
SF:/root/.minetest/worlds/world/worldmods/promise/handle_node.lua
DA:2,0
DA:4,0
DA:7,0
DA:10,0
DA:11,0
DA:12,0
DA:14,0
DA:16,0
DA:20,0
DA:21,0
DA:23,0
DA:27,4
DA:29,2
DA:34,2
DA:36,2
DA:37,0
DA:38,2
DA:39,2
LH:6
LF:18
end_of_record
SF:/root/.minetest/worlds/world/worldmods/promise/init.lua
DA:2,2
DA:4,2
DA:5,2
DA:6,2
DA:7,2
DA:8,2
DA:9,2
DA:10,2
DA:11,2
DA:12,2
DA:13,2
DA:14,2
DA:15,2
DA:16,2
DA:17,2
DA:18,2
DA:19,2
DA:20,2
DA:21,2
DA:22,2
DA:24,2
DA:25,2
LH:22
LF:22
end_of_record
SF:/root/.minetest/worlds/world/worldmods/promise/pick_tool.lua
DA:3,2
DA:5,4
DA:11,0
DA:12,0
DA:14,0
DA:18,0
DA:20,0
DA:21,0
DA:22,0
DA:25,0
DA:29,0
DA:30,0
DA:33,0
DA:34,0
DA:36,0
DA:38,0
DA:41,0
DA:45,0
DA:46,0
DA:48,2
LH:3
LF:20
end_of_record
SF:/root/.minetest/worlds/world/worldmods/promise/place_tool.lua
DA:1,2
DA:4,0
DA:5,0
DA:6,0
DA:7,0
DA:9,0
DA:10,0
DA:11,0
DA:13,0
DA:16,4
DA:21,2
DA:22,0
DA:23,2
DA:25,0
DA:26,0
DA:28,0
DA:30,0
DA:32,0
DA:34,0
DA:37,0
DA:38,0
DA:39,0
DA:40,0
DA:45,0
DA:46,0
DA:48,0
DA:49,0
DA:51,0
DA:53,0
DA:56,0
DA:59,0
DA:60,0
DA:64,0
DA:65,0
DA:67,2
LH:5
LF:35
end_of_record
SF:/root/.minetest/worlds/world/worldmods/promise/pointed.lua
DA:3,4
DA:4,0
DA:5,0
DA:6,0
DA:7,0
DA:8,0
DA:10,0
DA:11,0
LH:1
LF:8
end_of_record
SF:/root/.minetest/worlds/world/worldmods/promise/preview.lua
DA:3,2
DA:5,4
DA:6,0
DA:7,0
DA:9,0
DA:12,0
DA:13,0
DA:16,0
DA:18,0
DA:21,0
DA:22,0
DA:24,0
DA:25,0
DA:26,0
DA:28,0
DA:29,0
DA:31,0
DA:42,4
DA:43,0
DA:44,0
DA:45,0
DA:49,4
DA:50,0
LH:4
LF:23
end_of_record
SF:/root/.minetest/worlds/world/worldmods/promise/remove.lua
DA:1,2
DA:3,4
DA:4,0
DA:5,0
DA:6,0
DA:8,0
DA:9,0
DA:11,0
DA:12,0
DA:13,0
DA:14,0
DA:15,0
DA:16,0
DA:21,0
DA:22,0
DA:23,0
DA:26,0
DA:27,0
DA:28,0
DA:29,0
LH:2
LF:20
end_of_record
SF:/root/.minetest/worlds/world/worldmods/promise/rotate.lua
DA:3,4
DA:4,0
DA:6,0
DA:9,0
DA:13,0
DA:17,4
DA:18,0
DA:19,0
DA:20,0
DA:21,0
DA:23,0
DA:24,0
DA:26,0
DA:27,0
DA:29,0
DA:31,0
LH:2
LF:16
end_of_record
SF:/root/.minetest/worlds/world/worldmods/promise/schematic_flip.lua
DA:3,0
DA:4,0
DA:5,0
DA:6,0
DA:8,0
DA:9,0
DA:10,0
DA:11,0
DA:12,0
DA:13,0
DA:14,0
DA:15,0
DA:16,0
DA:17,0
DA:18,0
DA:19,0
DA:20,0
DA:22,0
DA:24,0
DA:28,4
DA:29,0
DA:30,0
DA:32,0
DA:33,0
DA:35,0
DA:36,0
DA:38,0
DA:39,0
LH:1
LF:28
end_of_record
SF:/root/.minetest/worlds/world/worldmods/promise/schematic_orient.lua
DA:2,2
DA:3,2
DA:5,2
DA:6,2
DA:7,2
DA:8,2
DA:10,2
DA:11,2
DA:12,2
DA:13,2
DA:14,2
DA:15,2
DA:16,2
DA:20,0
DA:21,0
DA:24,0
DA:26,0
DA:27,0
DA:28,0
DA:30,0
DA:31,0
DA:32,0
DA:33,0
DA:35,0
DA:36,0
DA:37,0
DA:44,2
DA:46,2
DA:50,0
DA:53,4
DA:55,0
DA:57,0
DA:58,0
DA:59,0
DA:60,0
DA:61,0
DA:62,0
DA:63,0
DA:65,0
DA:66,0
DA:67,0
DA:68,0
DA:70,0
DA:71,0
DA:73,0
DA:74,0
DA:77,0
DA:79,0
DA:80,0
DA:82,0
DA:84,0
DA:86,0
LH:16
LF:52
end_of_record
SF:/root/.minetest/worlds/world/worldmods/promise/schematic_rotate.lua
DA:2,4
DA:3,0
DA:5,0
DA:8,0
DA:10,0
DA:11,0
DA:12,0
DA:13,0
DA:14,0
DA:15,0
DA:16,0
DA:17,0
DA:18,0
DA:21,0
LH:1
LF:14
end_of_record
SF:/root/.minetest/worlds/world/worldmods/promise/schematic_transpose.lua
DA:4,0
DA:6,0
DA:7,0
DA:8,0
DA:9,0
DA:10,0
DA:11,0
DA:12,0
DA:13,0
DA:14,0
DA:16,0
DA:17,0
DA:18,0
DA:20,0
DA:21,0
DA:23,0
DA:25,0
DA:27,0
DA:31,4
DA:32,0
DA:33,0
DA:35,0
DA:36,0
DA:38,0
DA:39,0
DA:41,0
DA:42,0
LH:1
LF:27
end_of_record
SF:/root/.minetest/worlds/world/worldmods/promise/serialize.lua
DA:1,2
DA:3,4
DA:4,0
DA:5,0
DA:6,0
DA:8,0
DA:9,0
DA:11,0
DA:12,0
DA:13,0
DA:15,0
DA:16,0
DA:17,0
DA:18,0
DA:19,0
DA:20,0
DA:26,0
DA:27,0
DA:28,0
DA:29,0
DA:30,0
DA:33,0
DA:34,0
DA:35,0
DA:36,0
DA:37,0
DA:42,0
DA:45,0
DA:49,0
DA:52,0
DA:56,4
DA:57,0
DA:58,0
DA:59,0
DA:62,0
DA:64,0
DA:65,0
DA:66,0
DA:68,0
DA:69,0
DA:71,0
DA:72,0
DA:73,0
DA:74,0
DA:77,0
DA:79,0
DA:80,0
DA:81,0
DA:88,0
DA:89,0
DA:90,0
DA:91,0
DA:92,0
DA:96,0
DA:97,0
DA:98,0
DA:100,0
LH:3
LF:57
end_of_record
